d:\randomnamegenerator\x64\release\vc142.pdb
d:\randomnamegenerator\x64\release\randomnamegenerator.nativecodeanalysis.sarif
d:\randomnamegenerator\x64\release\randomnamegenerator.nativecodeanalysis.xml
d:\randomnamegenerator\x64\release\randomnamegenerator.obj
c:\users\snygg\onedrive\_visual studio\projects\_cpp\randomnamegenerator\x64\release\vc142.pdb
c:\users\snygg\onedrive\_visual studio\projects\_cpp\randomnamegenerator\x64\release\randomnamegenerator.obj
d:\randomnamegenerator\x64\release\randomnamegenerator.exe
d:\randomnamegenerator\x64\release\randomnamegenerator.pdb
d:\randomnamegenerator\x64\release\randomnamegenerator.ipdb
d:\randomnamegenerator\x64\release\randomnamegenerator.iobj
d:\randomnamegenerator\x64\release\vcpkg.applocal.log
c:\users\snygg\onedrive\_visual studio\projects\_cpp\randomnamegenerator\x64\release\randomnamegenerator.ipdb
c:\users\snygg\onedrive\_visual studio\projects\_cpp\randomnamegenerator\x64\release\randomnamegenerator.iobj
c:\users\snygg\onedrive\_visual studio\projects\_cpp\randomnamegenerator\x64\release\nativecodeanalysis.read.1.tlog
c:\users\snygg\onedrive\_visual studio\projects\_cpp\randomnamegenerator\x64\release\randomnamegenerator.pdb
c:\users\snygg\onedrive\_visual studio\projects\_cpp\randomnamegenerator\x64\release\randomnamegenerator.nativecodeanalysis.xml
c:\users\snygg\onedrive\_visual studio\projects\_cpp\randomnamegenerator\x64\release\vc.nativecodeanalysis.all.xml
c:\users\snygg\onedrive\_visual studio\projects\_cpp\randomnamegenerator\x64\release\randomna.844c18cb.tlog\cl.command.1.tlog
c:\users\snygg\onedrive\_visual studio\projects\_cpp\randomnamegenerator\x64\release\randomna.844c18cb.tlog\cl.read.1.tlog
c:\users\snygg\onedrive\_visual studio\projects\_cpp\randomnamegenerator\x64\release\randomna.844c18cb.tlog\cl.write.1.tlog
c:\users\snygg\onedrive\_visual studio\projects\_cpp\randomnamegenerator\x64\release\randomna.844c18cb.tlog\link.command.1.tlog
c:\users\snygg\onedrive\_visual studio\projects\_cpp\randomnamegenerator\x64\release\randomna.844c18cb.tlog\link.read.1.tlog
c:\users\snygg\onedrive\_visual studio\projects\_cpp\randomnamegenerator\x64\release\randomna.844c18cb.tlog\link.write.1.tlog
c:\users\snygg\onedrive\_visual studio\projects\_cpp\randomnamegenerator\x64\release\randomna.844c18cb.tlog\randomnamegenerator.write.1u.tlog
